<?xml version="1.0" encoding="UTF-8"?>
<!-- Generated by org.testng.reporters.JUnitXMLReporter -->
<testsuite hostname="LAPTOP-J97AL63E" ignored="8" name="Test2" tests="6" failures="0" timestamp="04 May 2021 08:46:08 GMT" time="157.642" errors="0">
  <testcase name="@BeforeMethod setUp" time="0.0" classname="com.crm.vtiger.generics.BaseClass">
    <failure type="org.openqa.selenium.NoSuchElementException" message="no such element: Unable to locate element: {&amp;quot;method&amp;quot;:&amp;quot;css selector&amp;quot;,&amp;quot;selector&amp;quot;:&amp;quot;*[name=&amp;apos;user_name&amp;apos;]&amp;quot;}
  (Session info: chrome=90.0.4430.93)
For documentation on this error, please visit: https://www.seleniumhq.org/exceptions/no_such_element.html
Build info: version: &amp;apos;3.141.59&amp;apos;, revision: &amp;apos;e82be7d358&amp;apos;, time: &amp;apos;2018-11-14T08:17:03&amp;apos;
System info: host: &amp;apos;LAPTOP-J97AL63E&amp;apos;, ip: &amp;apos;192.168.180.1&amp;apos;, os.name: &amp;apos;Windows 10&amp;apos;, os.arch: &amp;apos;amd64&amp;apos;, os.version: &amp;apos;10.0&amp;apos;, java.version: &amp;apos;1.8.0_281&amp;apos;
Driver info: org.openqa.selenium.chrome.ChromeDriver
Capabilities {acceptInsecureCerts: false, browserName: chrome, browserVersion: 90.0.4430.93, chrome: {chromedriverVersion: 90.0.4430.24 (4c6d850f087da..., userDataDir: C:\Users\hp\AppData\Local\T...}, goog:chromeOptions: {debuggerAddress: localhost:52852}, javascriptEnabled: true, networkConnectionEnabled: false, pageLoadStrategy: normal, platform: WINDOWS, platformName: WINDOWS, proxy: Proxy(), setWindowRect: true, strictFileInteractability: false, timeouts: {implicit: 0, pageLoad: 300000, script: 30000}, unhandledPromptBehavior: dismiss and notify, webauthn:extension:largeBlob: true, webauthn:virtualAuthenticators: true}
Session ID: 0e7db741a095db707982f94fba21e30f
*** Element info: {Using=name, value=user_name}">
      <![CDATA[org.openqa.selenium.NoSuchElementException: no such element: Unable to locate element: {"method":"css selector","selector":"*[name='user_name']"}
  (Session info: chrome=90.0.4430.93)
For documentation on this error, please visit: https://www.seleniumhq.org/exceptions/no_such_element.html
Build info: version: '3.141.59', revision: 'e82be7d358', time: '2018-11-14T08:17:03'
System info: host: 'LAPTOP-J97AL63E', ip: '192.168.180.1', os.name: 'Windows 10', os.arch: 'amd64', os.version: '10.0', java.version: '1.8.0_281'
Driver info: org.openqa.selenium.chrome.ChromeDriver
Capabilities {acceptInsecureCerts: false, browserName: chrome, browserVersion: 90.0.4430.93, chrome: {chromedriverVersion: 90.0.4430.24 (4c6d850f087da..., userDataDir: C:\Users\hp\AppData\Local\T...}, goog:chromeOptions: {debuggerAddress: localhost:52852}, javascriptEnabled: true, networkConnectionEnabled: false, pageLoadStrategy: normal, platform: WINDOWS, platformName: WINDOWS, proxy: Proxy(), setWindowRect: true, strictFileInteractability: false, timeouts: {implicit: 0, pageLoad: 300000, script: 30000}, unhandledPromptBehavior: dismiss and notify, webauthn:extension:largeBlob: true, webauthn:virtualAuthenticators: true}
Session ID: 0e7db741a095db707982f94fba21e30f
*** Element info: {Using=name, value=user_name}
	at org.openqa.selenium.remote.http.W3CHttpResponseCodec.createException(W3CHttpResponseCodec.java:187)
	at org.openqa.selenium.remote.http.W3CHttpResponseCodec.decode(W3CHttpResponseCodec.java:122)
	at org.openqa.selenium.remote.http.W3CHttpResponseCodec.decode(W3CHttpResponseCodec.java:49)
	at org.openqa.selenium.remote.HttpCommandExecutor.execute(HttpCommandExecutor.java:158)
	at org.openqa.selenium.remote.service.DriverCommandExecutor.execute(DriverCommandExecutor.java:83)
	at org.openqa.selenium.remote.RemoteWebDriver.execute(RemoteWebDriver.java:552)
	at org.openqa.selenium.remote.RemoteWebDriver.findElement(RemoteWebDriver.java:323)
	at org.openqa.selenium.remote.RemoteWebDriver.findElementByName(RemoteWebDriver.java:404)
	at org.openqa.selenium.By$ByName.findElement(By.java:284)
	at org.openqa.selenium.remote.RemoteWebDriver.findElement(RemoteWebDriver.java:315)
	at com.crm.vtiger.generics.BaseClass.setUp(BaseClass.java:76)
	at java.util.concurrent.FutureTask.run(FutureTask.java:266)
	at java.util.concurrent.ThreadPoolExecutor.runWorker(ThreadPoolExecutor.java:1149)
	at java.util.concurrent.ThreadPoolExecutor$Worker.run(ThreadPoolExecutor.java:624)
	at java.lang.Thread.run(Thread.java:748)
... Removed 22 stack frames]]>
    </failure>
  </testcase> <!-- @BeforeMethod setUp -->
  <testcase name="@AfterClass configAfterClass" time="0.0" classname="com.crm.vtiger.generics.BaseClass">
    <skipped/>
  </testcase> <!-- @AfterClass configAfterClass -->
  <testcase name="@BeforeClass configBeforeClass" time="0.0" classname="com.crm.vtiger.generics.BaseClass">
    <skipped/>
  </testcase> <!-- @BeforeClass configBeforeClass -->
  <testcase name="@BeforeMethod setUp" time="0.0" classname="com.crm.vtiger.generics.BaseClass">
    <skipped/>
  </testcase> <!-- @BeforeMethod setUp -->
  <testcase name="@BeforeMethod setUp" time="0.0" classname="com.crm.vtiger.generics.BaseClass">
    <skipped/>
  </testcase> <!-- @BeforeMethod setUp -->
  <testcase name="@AfterClass configAfterClass" time="0.0" classname="com.crm.vtiger.generics.BaseClass">
    <skipped/>
  </testcase> <!-- @AfterClass configAfterClass -->
  <testcase name="@BeforeClass configBeforeClass" time="0.0" classname="com.crm.vtiger.generics.BaseClass">
    <skipped/>
  </testcase> <!-- @BeforeClass configBeforeClass -->
  <testcase name="@BeforeMethod setUp" time="0.0" classname="com.crm.vtiger.generics.BaseClass">
    <skipped/>
  </testcase> <!-- @BeforeMethod setUp -->
  <testcase name="@BeforeMethod setUp" time="0.0" classname="com.crm.vtiger.generics.BaseClass">
    <skipped/>
  </testcase> <!-- @BeforeMethod setUp -->
  <testcase name="@AfterClass configAfterClass" time="0.0" classname="com.crm.vtiger.generics.BaseClass">
    <skipped/>
  </testcase> <!-- @AfterClass configAfterClass -->
  <testcase name="@AfterTest configAfterTest" time="0.0" classname="com.crm.vtiger.generics.BaseClass">
    <skipped/>
  </testcase> <!-- @AfterTest configAfterTest -->
  <testcase name="createOpportunity_05" time="87.802" classname="com.crm.vtiger.opportunity.TestCases.TC_20_CreateOpportunityWithSalesStageClosedWon_Test"/>
  <testcase name="tc_A_createOrganization" time="0.016" classname="com.crm.vtiger.opportunity.TestCases.TC_20_CreateOpportunityWithSalesStageClosedWon_Test">
    <skipped/>
  </testcase> <!-- tc_A_createOrganization -->
  <testcase name="createOpportunity_02" time="0.008" classname="com.crm.vtiger.opportunity.TestCases.TC_17_CreateOpportunityWithSalesStagePerceptionAnalysis_Test">
    <skipped/>
  </testcase> <!-- createOpportunity_02 -->
  <testcase name="tc_A_createOrganization" time="0.008" classname="com.crm.vtiger.opportunity.TestCases.TC_17_CreateOpportunityWithSalesStagePerceptionAnalysis_Test">
    <skipped/>
  </testcase> <!-- tc_A_createOrganization -->
  <testcase name="createOpportunity_03" time="0.0" classname="com.crm.vtiger.opportunity.TestCases.TC_18_CreateOpportunityWithSalesStageProposalOrPriceQuote_Test">
    <skipped/>
  </testcase> <!-- createOpportunity_03 -->
  <testcase name="tc_A_createOrganization" time="0.0" classname="com.crm.vtiger.opportunity.TestCases.TC_18_CreateOpportunityWithSalesStageProposalOrPriceQuote_Test">
    <skipped/>
  </testcase> <!-- tc_A_createOrganization -->
  <testcase name="@AfterTest configAfterTest" time="0.0" classname="com.crm.vtiger.generics.BaseClass">
    <ignored/>
  </testcase> <!-- @AfterTest configAfterTest -->
  <testcase name="@AfterTest configAfterTest" time="0.0" classname="com.crm.vtiger.generics.BaseClass">
    <ignored/>
  </testcase> <!-- @AfterTest configAfterTest -->
  <testcase name="@AfterSuite configAfterSuite" time="0.0" classname="com.crm.vtiger.generics.BaseClass">
    <ignored/>
  </testcase> <!-- @AfterSuite configAfterSuite -->
  <testcase name="@AfterSuite configAfterSuite" time="0.0" classname="com.crm.vtiger.generics.BaseClass">
    <ignored/>
  </testcase> <!-- @AfterSuite configAfterSuite -->
  <testcase name="@BeforeSuite configBeforSuite" time="0.0" classname="com.crm.vtiger.generics.BaseClass">
    <ignored/>
  </testcase> <!-- @BeforeSuite configBeforSuite -->
  <testcase name="@BeforeSuite configBeforSuite" time="0.0" classname="com.crm.vtiger.generics.BaseClass">
    <ignored/>
  </testcase> <!-- @BeforeSuite configBeforSuite -->
  <testcase name="@BeforeTest configBeforTest" time="0.0" classname="com.crm.vtiger.generics.BaseClass">
    <ignored/>
  </testcase> <!-- @BeforeTest configBeforTest -->
  <testcase name="@BeforeTest configBeforTest" time="0.0" classname="com.crm.vtiger.generics.BaseClass">
    <ignored/>
  </testcase> <!-- @BeforeTest configBeforTest -->
</testsuite> <!-- Test2 -->
